<?xml version="1.0" encoding="UTF-8"?>
<testsuite name="games.game2048.TestGame2048" tests="1" skipped="0" failures="0" errors="0" timestamp="2022-09-11T17:42:06" hostname="Yashwanths-MacBook-Pro-2.local" time="0.005">
  <properties/>
  <testcase name="testMoves" classname="games.game2048.TestGame2048" time="0.005"/>
  <system-out><![CDATA[]]></system-out>
  <system-err><![CDATA[]]></system-err>
</testsuite>
