<?xml version="1.0" encoding="UTF-8"?>
<testsuite name="games.game2048.TestMoveValuesInRowOrColumn" tests="5" skipped="0" failures="0" errors="0" timestamp="2022-09-11T17:42:06" hostname="Yashwanths-MacBook-Pro-2.local" time="0.001">
  <properties/>
  <testcase name="testRow" classname="games.game2048.TestMoveValuesInRowOrColumn" time="0.0"/>
  <testcase name="testRowReversed" classname="games.game2048.TestMoveValuesInRowOrColumn" time="0.0"/>
  <testcase name="testColumn" classname="games.game2048.TestMoveValuesInRowOrColumn" time="0.0"/>
  <testcase name="testNoMove" classname="games.game2048.TestMoveValuesInRowOrColumn" time="0.0"/>
  <testcase name="testColumnReversed" classname="games.game2048.TestMoveValuesInRowOrColumn" time="0.001"/>
  <system-out><![CDATA[]]></system-out>
  <system-err><![CDATA[]]></system-err>
</testsuite>
