<?xml version="1.0" encoding="UTF-8"?>
<testsuite name="games.game2048.TestMoveValues" tests="6" skipped="0" failures="0" errors="0" timestamp="2022-09-11T17:42:06" hostname="Yashwanths-MacBook-Pro-2.local" time="0.003">
  <properties/>
  <testcase name="testSimpleMove" classname="games.game2048.TestMoveValues" time="0.001"/>
  <testcase name="testSeveralMoves" classname="games.game2048.TestMoveValues" time="0.0"/>
  <testcase name="testMerge" classname="games.game2048.TestMoveValues" time="0.001"/>
  <testcase name="testMovesInSomeRows" classname="games.game2048.TestMoveValues" time="0.0"/>
  <testcase name="testMoveAndMerge" classname="games.game2048.TestMoveValues" time="0.0"/>
  <testcase name="testNoMove" classname="games.game2048.TestMoveValues" time="0.0"/>
  <system-out><![CDATA[]]></system-out>
  <system-err><![CDATA[]]></system-err>
</testsuite>
